<?xml version="1.0" encoding="UTF-8"?>
<testsuite name="com.spbt2.book.springboot.domain.posts.PostsRepositoryTest" tests="2" skipped="0" failures="0" errors="0" timestamp="2021-11-17T13:57:27" hostname="LAPTOP-8DF09AND" time="0.499">
  <properties/>
  <testcase name="saveTest()" classname="com.spbt2.book.springboot.domain.posts.PostsRepositoryTest" time="0.456"/>
  <testcase name="enrollBaseEntity()" classname="com.spbt2.book.springboot.domain.posts.PostsRepositoryTest" time="0.041"/>
  <system-out><![CDATA[2021-11-17 22:57:21.353  INFO 29424 --- [    Test worker] .b.t.c.SpringBootTestContextBootstrapper : Neither @ContextConfiguration nor @ContextHierarchy found for test class [com.spbt2.book.springboot.domain.posts.PostsRepositoryTest], using SpringBootContextLoader
2021-11-17 22:57:21.356  INFO 29424 --- [    Test worker] o.s.t.c.support.AbstractContextLoader    : Could not detect default resource locations for test class [com.spbt2.book.springboot.domain.posts.PostsRepositoryTest]: no resource found for suffixes {-context.xml, Context.groovy}.
2021-11-17 22:57:21.356  INFO 29424 --- [    Test worker] t.c.s.AnnotationConfigContextLoaderUtils : Could not detect default configuration classes for test class [com.spbt2.book.springboot.domain.posts.PostsRepositoryTest]: PostsRepositoryTest does not declare any static, non-private, non-final, nested classes annotated with @Configuration.
2021-11-17 22:57:21.384  INFO 29424 --- [    Test worker] .b.t.c.SpringBootTestContextBootstrapper : Found @SpringBootConfiguration com.spbt2.book.springboot.Application for test class com.spbt2.book.springboot.domain.posts.PostsRepositoryTest
2021-11-17 22:57:21.388  INFO 29424 --- [    Test worker] .b.t.c.SpringBootTestContextBootstrapper : Loaded default TestExecutionListener class names from location [META-INF/spring.factories]: [org.springframework.security.test.context.support.WithSecurityContextTestExecutionListener, org.springframework.security.test.context.support.ReactorContextTestExecutionListener, org.springframework.boot.test.autoconfigure.restdocs.RestDocsTestExecutionListener, org.springframework.boot.test.autoconfigure.web.client.MockRestServiceServerResetTestExecutionListener, org.springframework.boot.test.autoconfigure.web.servlet.MockMvcPrintOnlyOnFailureTestExecutionListener, org.springframework.boot.test.autoconfigure.web.servlet.WebDriverTestExecutionListener, org.springframework.boot.test.autoconfigure.webservices.client.MockWebServiceServerTestExecutionListener, org.springframework.boot.test.mock.mockito.MockitoTestExecutionListener, org.springframework.boot.test.mock.mockito.ResetMocksTestExecutionListener, org.springframework.test.context.web.ServletTestExecutionListener, org.springframework.test.context.support.DirtiesContextBeforeModesTestExecutionListener, org.springframework.test.context.support.DependencyInjectionTestExecutionListener, org.springframework.test.context.support.DirtiesContextTestExecutionListener, org.springframework.test.context.transaction.TransactionalTestExecutionListener, org.springframework.test.context.jdbc.SqlScriptsTestExecutionListener, org.springframework.test.context.event.EventPublishingTestExecutionListener]
2021-11-17 22:57:21.391  INFO 29424 --- [    Test worker] .b.t.c.SpringBootTestContextBootstrapper : Using TestExecutionListeners: [org.springframework.test.context.web.ServletTestExecutionListener@56ce993a, org.springframework.test.context.support.DirtiesContextBeforeModesTestExecutionListener@77eafb74, org.springframework.boot.test.mock.mockito.MockitoTestExecutionListener@77e72cda, org.springframework.boot.test.autoconfigure.SpringBootDependencyInjectionTestExecutionListener@2cc7d693, org.springframework.test.context.support.DirtiesContextTestExecutionListener@ee29d78, org.springframework.test.context.transaction.TransactionalTestExecutionListener@2e73f68b, org.springframework.test.context.jdbc.SqlScriptsTestExecutionListener@60bc9e63, org.springframework.security.test.context.support.WithSecurityContextTestExecutionListener@72ddbfa9, org.springframework.test.context.event.EventPublishingTestExecutionListener@68cef5d7, org.springframework.security.test.context.support.ReactorContextTestExecutionListener@593881eb, org.springframework.boot.test.autoconfigure.restdocs.RestDocsTestExecutionListener@5d735329, org.springframework.boot.test.autoconfigure.web.client.MockRestServiceServerResetTestExecutionListener@424c9fd9, org.springframework.boot.test.autoconfigure.web.servlet.MockMvcPrintOnlyOnFailureTestExecutionListener@5db3aa0a, org.springframework.boot.test.autoconfigure.web.servlet.WebDriverTestExecutionListener@40994f8e, org.springframework.boot.test.autoconfigure.webservices.client.MockWebServiceServerTestExecutionListener@734b6af, org.springframework.boot.test.mock.mockito.ResetMocksTestExecutionListener@212053c7]

  .   ____          _            __ _ _
 /\\ / ___'_ __ _ _(_)_ __  __ _ \ \ \ \
( ( )\___ | '_ | '_| | '_ \/ _` | \ \ \ \
 \\/  ___)| |_)| | | | | || (_| |  ) ) ) )
  '  |____| .__|_| |_|_| |_\__, | / / / /
 =========|_|==============|___/=/_/_/_/
 :: Spring Boot ::                (v2.4.1)

2021-11-17 22:57:21.497  INFO 29424 --- [    Test worker] c.s.b.s.d.posts.PostsRepositoryTest      : Starting PostsRepositoryTest using Java 1.8.0_242 on LAPTOP-8DF09AND with PID 29424 (started by foxgi in C:\Users\foxgi\OneDrive\project\spbt2)
2021-11-17 22:57:21.509  INFO 29424 --- [    Test worker] c.s.b.s.d.posts.PostsRepositoryTest      : No active profile set, falling back to default profiles: default
2021-11-17 22:57:22.466  INFO 29424 --- [    Test worker] .s.d.r.c.RepositoryConfigurationDelegate : Bootstrapping Spring Data JPA repositories in DEFAULT mode.
2021-11-17 22:57:22.555  INFO 29424 --- [    Test worker] .s.d.r.c.RepositoryConfigurationDelegate : Finished Spring Data repository scanning in 88 ms. Found 2 JPA repository interfaces.
2021-11-17 22:57:23.240  INFO 29424 --- [    Test worker] com.zaxxer.hikari.HikariDataSource       : HikariPool-2 - Starting...
2021-11-17 22:57:23.242  INFO 29424 --- [    Test worker] com.zaxxer.hikari.HikariDataSource       : HikariPool-2 - Start completed.
2021-11-17 22:57:23.315  INFO 29424 --- [    Test worker] o.hibernate.jpa.internal.util.LogHelper  : HHH000204: Processing PersistenceUnitInfo [name: default]
2021-11-17 22:57:23.331  INFO 29424 --- [    Test worker] org.hibernate.dialect.Dialect            : HHH000400: Using dialect: org.hibernate.dialect.MySQL57Dialect
Hibernate: drop table if exists posts
Hibernate: drop table if exists user
Hibernate: create table posts (id bigint not null auto_increment, created_date datetime(6), modified_date datetime(6), author varchar(255), content TEXT not null, title varchar(500) not null, primary key (id)) engine=InnoDB
Hibernate: create table user (id bigint not null auto_increment, created_date datetime(6), modified_date datetime(6), email varchar(255) not null, name varchar(255) not null, picture varchar(255), role varchar(255) not null, primary key (id)) engine=InnoDB
2021-11-17 22:57:23.517  INFO 29424 --- [    Test worker] o.h.e.t.j.p.i.JtaPlatformInitiator       : HHH000490: Using JtaPlatform implementation: [org.hibernate.engine.transaction.jta.platform.internal.NoJtaPlatform]
2021-11-17 22:57:23.517  INFO 29424 --- [    Test worker] j.LocalContainerEntityManagerFactoryBean : Initialized JPA EntityManagerFactory for persistence unit 'default'
2021-11-17 22:57:24.016  WARN 29424 --- [    Test worker] JpaBaseConfiguration$JpaWebConfiguration : spring.jpa.open-in-view is enabled by default. Therefore, database queries may be performed during view rendering. Explicitly configure spring.jpa.open-in-view to disable this warning
2021-11-17 22:57:24.719  INFO 29424 --- [    Test worker] o.s.s.web.DefaultSecurityFilterChain     : Will secure any request with [org.springframework.security.web.context.request.async.WebAsyncManagerIntegrationFilter@30978c3e, org.springframework.security.web.context.SecurityContextPersistenceFilter@2344c82d, org.springframework.security.web.header.HeaderWriterFilter@5294cbcb, org.springframework.security.web.authentication.logout.LogoutFilter@1f19fc65, org.springframework.security.oauth2.client.web.OAuth2AuthorizationRequestRedirectFilter@441ddf90, org.springframework.security.oauth2.client.web.OAuth2LoginAuthenticationFilter@10a9bfee, org.springframework.security.web.authentication.ui.DefaultLoginPageGeneratingFilter@3db9b85d, org.springframework.security.web.authentication.ui.DefaultLogoutPageGeneratingFilter@2b966162, org.springframework.security.web.savedrequest.RequestCacheAwareFilter@74fe73, org.springframework.security.web.servletapi.SecurityContextHolderAwareRequestFilter@74cab725, org.springframework.security.web.authentication.AnonymousAuthenticationFilter@1dddadf, org.springframework.security.web.session.SessionManagementFilter@4e60fb4a, org.springframework.security.web.access.ExceptionTranslationFilter@5b5f1997, org.springframework.security.web.access.intercept.FilterSecurityInterceptor@235709bf]
2021-11-17 22:57:25.349  INFO 29424 --- [    Test worker] o.s.s.concurrent.ThreadPoolTaskExecutor  : Initializing ExecutorService 'applicationTaskExecutor'
2021-11-17 22:57:25.413  INFO 29424 --- [    Test worker] o.s.b.a.h2.H2ConsoleAutoConfiguration    : H2 console available at '/h2-console'. Database available at 'jdbc:h2:mem:testdb'
2021-11-17 22:57:25.554  INFO 29424 --- [    Test worker] o.s.b.a.w.s.WelcomePageHandlerMapping    : Adding welcome page template: index
2021-11-17 22:57:27.272  INFO 29424 --- [    Test worker] s.a.ScheduledAnnotationBeanPostProcessor : No TaskScheduler/ScheduledExecutorService bean found for scheduled processing
2021-11-17 22:57:27.275  INFO 29424 --- [    Test worker] c.s.b.s.d.posts.PostsRepositoryTest      : Started PostsRepositoryTest in 5.878 seconds (JVM running for 36.497)
Hibernate: insert into posts (created_date, modified_date, author, content, title) values (?, ?, ?, ?, ?)
Hibernate: select posts0_.id as id1_0_, posts0_.created_date as created_2_0_, posts0_.modified_date as modified3_0_, posts0_.author as author4_0_, posts0_.content as content5_0_, posts0_.title as title6_0_ from posts posts0_
Hibernate: select posts0_.id as id1_0_, posts0_.created_date as created_2_0_, posts0_.modified_date as modified3_0_, posts0_.author as author4_0_, posts0_.content as content5_0_, posts0_.title as title6_0_ from posts posts0_
Hibernate: delete from posts where id=?
Hibernate: insert into posts (created_date, modified_date, author, content, title) values (?, ?, ?, ?, ?)
Hibernate: select posts0_.id as id1_0_, posts0_.created_date as created_2_0_, posts0_.modified_date as modified3_0_, posts0_.author as author4_0_, posts0_.content as content5_0_, posts0_.title as title6_0_ from posts posts0_
>>>>>>>>>> createDate=2021-11-17T22:57:27.754, modifiedDate=2021-11-17T22:57:27.754
Hibernate: select posts0_.id as id1_0_, posts0_.created_date as created_2_0_, posts0_.modified_date as modified3_0_, posts0_.author as author4_0_, posts0_.content as content5_0_, posts0_.title as title6_0_ from posts posts0_
Hibernate: delete from posts where id=?
]]></system-out>
  <system-err><![CDATA[]]></system-err>
</testsuite>
