<?xml version="1.0" encoding="UTF-8"?>
<testsuite name="com.spbt2.book.springboot.web.HelloControllerTest" tests="2" skipped="0" failures="0" errors="0" timestamp="2021-11-17T18:30:40" hostname="LAPTOP-8DF09AND" time="0.627">
  <properties/>
  <testcase name="helloTest()" classname="com.spbt2.book.springboot.web.HelloControllerTest" time="0.236"/>
  <testcase name="helloDtoTest()" classname="com.spbt2.book.springboot.web.HelloControllerTest" time="0.385"/>
  <system-out><![CDATA[2021-11-18 03:30:38.158  INFO 17164 --- [    Test worker] .b.t.a.w.s.WebMvcTestContextBootstrapper : Neither @ContextConfiguration nor @ContextHierarchy found for test class [com.spbt2.book.springboot.web.HelloControllerTest], using SpringBootContextLoader
2021-11-18 03:30:38.162  INFO 17164 --- [    Test worker] o.s.t.c.support.AbstractContextLoader    : Could not detect default resource locations for test class [com.spbt2.book.springboot.web.HelloControllerTest]: no resource found for suffixes {-context.xml, Context.groovy}.
2021-11-18 03:30:38.162  INFO 17164 --- [    Test worker] t.c.s.AnnotationConfigContextLoaderUtils : Could not detect default configuration classes for test class [com.spbt2.book.springboot.web.HelloControllerTest]: HelloControllerTest does not declare any static, non-private, non-final, nested classes annotated with @Configuration.
2021-11-18 03:30:38.211  INFO 17164 --- [    Test worker] .b.t.c.SpringBootTestContextBootstrapper : Found @SpringBootConfiguration com.spbt2.book.springboot.Application for test class com.spbt2.book.springboot.web.HelloControllerTest
2021-11-18 03:30:38.214  INFO 17164 --- [    Test worker] .b.t.a.w.s.WebMvcTestContextBootstrapper : Loaded default TestExecutionListener class names from location [META-INF/spring.factories]: [org.springframework.security.test.context.support.WithSecurityContextTestExecutionListener, org.springframework.security.test.context.support.ReactorContextTestExecutionListener, org.springframework.boot.test.autoconfigure.restdocs.RestDocsTestExecutionListener, org.springframework.boot.test.autoconfigure.web.client.MockRestServiceServerResetTestExecutionListener, org.springframework.boot.test.autoconfigure.web.servlet.MockMvcPrintOnlyOnFailureTestExecutionListener, org.springframework.boot.test.autoconfigure.web.servlet.WebDriverTestExecutionListener, org.springframework.boot.test.autoconfigure.webservices.client.MockWebServiceServerTestExecutionListener, org.springframework.boot.test.mock.mockito.MockitoTestExecutionListener, org.springframework.boot.test.mock.mockito.ResetMocksTestExecutionListener, org.springframework.test.context.web.ServletTestExecutionListener, org.springframework.test.context.support.DirtiesContextBeforeModesTestExecutionListener, org.springframework.test.context.support.DependencyInjectionTestExecutionListener, org.springframework.test.context.support.DirtiesContextTestExecutionListener, org.springframework.test.context.transaction.TransactionalTestExecutionListener, org.springframework.test.context.jdbc.SqlScriptsTestExecutionListener, org.springframework.test.context.event.EventPublishingTestExecutionListener]
2021-11-18 03:30:38.218  INFO 17164 --- [    Test worker] .b.t.a.w.s.WebMvcTestContextBootstrapper : Using TestExecutionListeners: [org.springframework.test.context.web.ServletTestExecutionListener@4348ff6e, org.springframework.test.context.support.DirtiesContextBeforeModesTestExecutionListener@65797dfa, org.springframework.boot.test.mock.mockito.MockitoTestExecutionListener@7174176b, org.springframework.boot.test.autoconfigure.SpringBootDependencyInjectionTestExecutionListener@359c9bf, org.springframework.test.context.support.DirtiesContextTestExecutionListener@76ef535, org.springframework.test.context.transaction.TransactionalTestExecutionListener@2956de8f, org.springframework.test.context.jdbc.SqlScriptsTestExecutionListener@78485b81, org.springframework.security.test.context.support.WithSecurityContextTestExecutionListener@35916106, org.springframework.test.context.event.EventPublishingTestExecutionListener@45a6fddc, org.springframework.security.test.context.support.ReactorContextTestExecutionListener@5a9be141, org.springframework.boot.test.autoconfigure.restdocs.RestDocsTestExecutionListener@60b52dc0, org.springframework.boot.test.autoconfigure.web.client.MockRestServiceServerResetTestExecutionListener@5e92f981, org.springframework.boot.test.autoconfigure.web.servlet.MockMvcPrintOnlyOnFailureTestExecutionListener@2c28a792, org.springframework.boot.test.autoconfigure.web.servlet.WebDriverTestExecutionListener@293ccabf, org.springframework.boot.test.autoconfigure.webservices.client.MockWebServiceServerTestExecutionListener@60ae3975, org.springframework.boot.test.mock.mockito.ResetMocksTestExecutionListener@29399a10]

  .   ____          _            __ _ _
 /\\ / ___'_ __ _ _(_)_ __  __ _ \ \ \ \
( ( )\___ | '_ | '_| | '_ \/ _` | \ \ \ \
 \\/  ___)| |_)| | | | | || (_| |  ) ) ) )
  '  |____| .__|_| |_|_| |_\__, | / / / /
 =========|_|==============|___/=/_/_/_/
 :: Spring Boot ::                (v2.4.1)

2021-11-18 03:30:38.337  INFO 17164 --- [    Test worker] c.s.b.s.web.HelloControllerTest          : Starting HelloControllerTest using Java 1.8.0_242 on LAPTOP-8DF09AND with PID 17164 (started by foxgi in C:\Users\foxgi\OneDrive\project\spbt2)
2021-11-18 03:30:38.339  INFO 17164 --- [    Test worker] c.s.b.s.web.HelloControllerTest          : No active profile set, falling back to default profiles: default
2021-11-18 03:30:39.389  INFO 17164 --- [    Test worker] o.s.s.concurrent.ThreadPoolTaskExecutor  : Initializing ExecutorService 'applicationTaskExecutor'
2021-11-18 03:30:39.483  INFO 17164 --- [    Test worker] o.s.b.a.w.s.WelcomePageHandlerMapping    : Adding welcome page template: index
2021-11-18 03:30:40.407  INFO 17164 --- [    Test worker] o.s.s.web.DefaultSecurityFilterChain     : Will secure any request with [org.springframework.security.web.context.request.async.WebAsyncManagerIntegrationFilter@26214ed4, org.springframework.security.web.context.SecurityContextPersistenceFilter@6eec5f72, org.springframework.security.web.header.HeaderWriterFilter@248df00e, org.springframework.security.web.csrf.CsrfFilter@45dfae17, org.springframework.security.web.authentication.logout.LogoutFilter@5aeef6d0, org.springframework.security.oauth2.client.web.OAuth2AuthorizationRequestRedirectFilter@54748e9b, org.springframework.security.oauth2.client.web.OAuth2AuthorizationRequestRedirectFilter@44f7a1b0, org.springframework.security.oauth2.client.web.OAuth2LoginAuthenticationFilter@329a4dad, org.springframework.security.web.authentication.ui.DefaultLoginPageGeneratingFilter@56326620, org.springframework.security.web.authentication.ui.DefaultLogoutPageGeneratingFilter@733bf698, org.springframework.security.web.savedrequest.RequestCacheAwareFilter@538bfb66, org.springframework.security.web.servletapi.SecurityContextHolderAwareRequestFilter@18cd6c99, org.springframework.security.web.authentication.AnonymousAuthenticationFilter@2b999f03, org.springframework.security.oauth2.client.web.OAuth2AuthorizationCodeGrantFilter@54519561, org.springframework.security.web.session.SessionManagementFilter@1c9a4d9e, org.springframework.security.web.access.ExceptionTranslationFilter@20c3b32a, org.springframework.security.web.access.intercept.FilterSecurityInterceptor@32f4c7b7]
2021-11-18 03:30:40.659  INFO 17164 --- [    Test worker] o.s.b.t.m.w.SpringBootMockServletContext : Initializing Spring TestDispatcherServlet ''
2021-11-18 03:30:40.661  INFO 17164 --- [    Test worker] o.s.t.web.servlet.TestDispatcherServlet  : Initializing Servlet ''
2021-11-18 03:30:40.665  INFO 17164 --- [    Test worker] o.s.t.web.servlet.TestDispatcherServlet  : Completed initialization in 1 ms
2021-11-18 03:30:40.727  INFO 17164 --- [    Test worker] c.s.b.s.web.HelloControllerTest          : Started HelloControllerTest in 2.504 seconds (JVM running for 25.091)
]]></system-out>
  <system-err><![CDATA[]]></system-err>
</testsuite>
